{"name": "Проверка: всплывающее окно закрывается кликом по крестику", "status": "broken", "statusDetails": {"message": "selenium.common.exceptions.ElementClickInterceptedException: Message: Element <a class=\"BurgerIngredient_ingredient__1TVf6 ml-4 mr-4 mb-8\" href=\"/ingredient/61c0c5a71d1f82001bdaaa6d\"> is not clickable at point (160,380) because another element <div class=\"Modal_modal_overlay__x2ZCr\"> obscures it\nStacktrace:\nRemoteError@chrome://remote/content/shared/RemoteError.sys.mjs:8:8\nWebDriverError@chrome://remote/content/shared/webdriver/Errors.sys.mjs:189:5\nElementClickInterceptedError@chrome://remote/content/shared/webdriver/Errors.sys.mjs:333:5\nwebdriverClickElement@chrome://remote/content/marionette/interaction.sys.mjs:176:11\ninteraction.clickElement@chrome://remote/content/marionette/interaction.sys.mjs:135:11\nclickElement@chrome://remote/content/marionette/actors/MarionetteCommandsChild.sys.mjs:202:29\nreceiveMessage@chrome://remote/content/marionette/actors/MarionetteCommandsChild.sys.mjs:84:31", "trace": "self = <tests.test_order_page.TestOrderPage object at 0x10f446590>\ndriver = <selenium.webdriver.firefox.webdriver.WebDriver (session=\"c0c6dbbb-52c2-46dd-8719-b90e689a6e49\")>, setup_user = ('ahxetxd@mail.ru', 'gmypkidunq')\n\n    @allure.title('Проверка: всплывающее окно закрывается кликом по крестику')\n    def test_ingredient_popup_closes_success(self, driver, setup_user):\n        order_page = OrderPage(driver)\n    \n        login, password = setup_user\n    \n        order_page.open_login_page()\n        order_page.wait_until_email_field_is_visible()\n        order_page.fill_in_login(login)\n        order_page.fill_in_password(password)\n        order_page.wait_until_login_button_is_clickable()\n        order_page.click_login_button()\n        order_page.wait_until_fluorescent_bun_is_clickable()\n>       order_page.click_fluorescent_bun()\n\ntest_order_page.py:78: \n_ _ _ _ _ _ _ _ _ _ _ _ _ _ _ _ _ _ _ _ _ _ _ _ _ _ _ _ _ _ _ _ _ _ _ _ _ _ _ _ _ _ _ _ _ _ _ _ _ _ _ _ _ _ _ _ _ _ _ _ _ _ _ _ _ _ _ _ _ _ _ _ _ _ _ _ _ _ _ _ _ _ _ _\n../pages/order_page.py:34: in click_fluorescent_bun\n    return self.click_element(Locators.locator_order_page_ingredient_fluorescent_bun)\n../pages/base_page.py:78: in click_element\n    self.driver.find_element(*locator).click()\n../../PycharmProjects/test_project_for_tests/venv/lib/python3.10/site-packages/selenium/webdriver/remote/webelement.py:93: in click\n    self._execute(Command.CLICK_ELEMENT)\n../../PycharmProjects/test_project_for_tests/venv/lib/python3.10/site-packages/selenium/webdriver/remote/webelement.py:394: in _execute\n    return self._parent.execute(command, params)\n../../PycharmProjects/test_project_for_tests/venv/lib/python3.10/site-packages/selenium/webdriver/remote/webdriver.py:347: in execute\n    self.error_handler.check_response(response)\n_ _ _ _ _ _ _ _ _ _ _ _ _ _ _ _ _ _ _ _ _ _ _ _ _ _ _ _ _ _ _ _ _ _ _ _ _ _ _ _ _ _ _ _ _ _ _ _ _ _ _ _ _ _ _ _ _ _ _ _ _ _ _ _ _ _ _ _ _ _ _ _ _ _ _ _ _ _ _ _ _ _ _ _\n\nself = <selenium.webdriver.remote.errorhandler.ErrorHandler object at 0x10f4a1780>\nresponse = {'status': 400, 'value': '{\"value\":{\"error\":\"element click intercepted\",\"message\":\"Element <a class=\\\\\"BurgerIngredien...sys.mjs:202:29\\\\nreceiveMessage@chrome://remote/content/marionette/actors/MarionetteCommandsChild.sys.mjs:84:31\\\\n\"}}'}\n\n    def check_response(self, response: Dict[str, Any]) -> None:\n        \"\"\"Checks that a JSON response from the WebDriver does not have an\n        error.\n    \n        :Args:\n         - response - The JSON response from the WebDriver server as a dictionary\n           object.\n    \n        :Raises: If the response contains an error message.\n        \"\"\"\n        status = response.get(\"status\", None)\n        if not status or status == ErrorCode.SUCCESS:\n            return\n        value = None\n        message = response.get(\"message\", \"\")\n        screen: str = response.get(\"screen\", \"\")\n        stacktrace = None\n        if isinstance(status, int):\n            value_json = response.get(\"value\", None)\n            if value_json and isinstance(value_json, str):\n                import json\n    \n                try:\n                    value = json.loads(value_json)\n                    if len(value) == 1:\n                        value = value[\"value\"]\n                    status = value.get(\"error\", None)\n                    if not status:\n                        status = value.get(\"status\", ErrorCode.UNKNOWN_ERROR)\n                        message = value.get(\"value\") or value.get(\"message\")\n                        if not isinstance(message, str):\n                            value = message\n                            message = message.get(\"message\")\n                    else:\n                        message = value.get(\"message\", None)\n                except ValueError:\n                    pass\n    \n        exception_class: Type[WebDriverException]\n        e = ErrorCode()\n        error_codes = [item for item in dir(e) if not item.startswith(\"__\")]\n        for error_code in error_codes:\n            error_info = getattr(ErrorCode, error_code)\n            if isinstance(error_info, list) and status in error_info:\n                exception_class = getattr(ExceptionMapping, error_code, WebDriverException)\n                break\n        else:\n            exception_class = WebDriverException\n    \n        if not value:\n            value = response[\"value\"]\n        if isinstance(value, str):\n            raise exception_class(value)\n        if message == \"\" and \"message\" in value:\n            message = value[\"message\"]\n    \n        screen = None  # type: ignore[assignment]\n        if \"screen\" in value:\n            screen = value[\"screen\"]\n    \n        stacktrace = None\n        st_value = value.get(\"stackTrace\") or value.get(\"stacktrace\")\n        if st_value:\n            if isinstance(st_value, str):\n                stacktrace = st_value.split(\"\\n\")\n            else:\n                stacktrace = []\n                try:\n                    for frame in st_value:\n                        line = frame.get(\"lineNumber\", \"\")\n                        file = frame.get(\"fileName\", \"<anonymous>\")\n                        if line:\n                            file = f\"{file}:{line}\"\n                        meth = frame.get(\"methodName\", \"<anonymous>\")\n                        if \"className\" in frame:\n                            meth = f\"{frame['className']}.{meth}\"\n                        msg = \"    at %s (%s)\"\n                        msg = msg % (meth, file)\n                        stacktrace.append(msg)\n                except TypeError:\n                    pass\n        if exception_class == UnexpectedAlertPresentException:\n            alert_text = None\n            if \"data\" in value:\n                alert_text = value[\"data\"].get(\"text\")\n            elif \"alert\" in value:\n                alert_text = value[\"alert\"].get(\"text\")\n            raise exception_class(message, screen, stacktrace, alert_text)  # type: ignore[call-arg]  # mypy is not smart enough here\n>       raise exception_class(message, screen, stacktrace)\nE       selenium.common.exceptions.ElementClickInterceptedException: Message: Element <a class=\"BurgerIngredient_ingredient__1TVf6 ml-4 mr-4 mb-8\" href=\"/ingredient/61c0c5a71d1f82001bdaaa6d\"> is not clickable at point (160,380) because another element <div class=\"Modal_modal_overlay__x2ZCr\"> obscures it\nE       Stacktrace:\nE       RemoteError@chrome://remote/content/shared/RemoteError.sys.mjs:8:8\nE       WebDriverError@chrome://remote/content/shared/webdriver/Errors.sys.mjs:189:5\nE       ElementClickInterceptedError@chrome://remote/content/shared/webdriver/Errors.sys.mjs:333:5\nE       webdriverClickElement@chrome://remote/content/marionette/interaction.sys.mjs:176:11\nE       interaction.clickElement@chrome://remote/content/marionette/interaction.sys.mjs:135:11\nE       clickElement@chrome://remote/content/marionette/actors/MarionetteCommandsChild.sys.mjs:202:29\nE       receiveMessage@chrome://remote/content/marionette/actors/MarionetteCommandsChild.sys.mjs:84:31\n\n../../PycharmProjects/test_project_for_tests/venv/lib/python3.10/site-packages/selenium/webdriver/remote/errorhandler.py:229: ElementClickInterceptedException"}, "steps": [{"name": "Открыть страницу логина", "status": "passed", "steps": [{"name": "Открыть страницу", "status": "passed", "parameters": [{"name": "locator", "value": "'https://stellarburgers.nomoreparties.site/login'"}], "start": 1707301470471, "stop": 1707301471476}], "start": 1707301470471, "stop": 1707301471476}, {"name": "Дождаться, когда появится поле логина", "status": "passed", "steps": [{"name": "Дождаться загрузки элемента", "status": "passed", "parameters": [{"name": "locator", "value": "('xpath', './/input[@name=\"name\"]')"}], "start": 1707301471476, "stop": 1707301471492}], "start": 1707301471476, "stop": 1707301471492}, {"name": "Заполнить поле логин", "status": "passed", "steps": [{"name": "Заполнить поле текстовым значением", "status": "passed", "parameters": [{"name": "locator", "value": "('xpath', './/input[@name=\"name\"]')"}, {"name": "text", "value": "'ahxetxd@mail.ru'"}], "start": 1707301471492, "stop": 1707301471583}], "parameters": [{"name": "login", "value": "'ahxetxd@mail.ru'"}], "start": 1707301471492, "stop": 1707301471584}, {"name": "Заполнить поле пароль", "status": "passed", "steps": [{"name": "Заполнить поле текстовым значением", "status": "passed", "parameters": [{"name": "locator", "value": "('xpath', './/input[@type=\"password\"]')"}, {"name": "text", "value": "'gmypkidunq'"}], "start": 1707301471584, "stop": 1707301471621}], "parameters": [{"name": "password", "value": "'gmypkidunq'"}], "start": 1707301471584, "stop": 1707301471621}, {"name": "Дождаться, когда кнопка Войти станет кликабельна", "status": "passed", "steps": [{"name": "Дождаться, чтобы на элемент можно было кликнуть", "status": "passed", "parameters": [{"name": "locator", "value": "('xpath', './/button[text()=\"Войти\"]')"}], "start": 1707301471621, "stop": 1707301471658}], "start": 1707301471621, "stop": 1707301471658}, {"name": "Кликнуть на кнопку Войти", "status": "passed", "steps": [{"name": "Кликнуть на страницу или элемент", "status": "passed", "parameters": [{"name": "locator", "value": "('xpath', './/button[text()=\"Войти\"]')"}], "start": 1707301471659, "stop": 1707301471895}], "start": 1707301471658, "stop": 1707301471895}, {"name": "Дождаться, чтобы флуоресцентная булочка стала кликабельной", "status": "passed", "steps": [{"name": "Дождаться, чтобы на элемент можно было кликнуть", "status": "passed", "parameters": [{"name": "locator", "value": "('xpath', './/a[@href=\"/ingredient/61c0c5a71d1f82001bdaaa6d\"]')"}], "start": 1707301471895, "stop": 1707301471914}], "start": 1707301471895, "stop": 1707301471914}, {"name": "Кликнуть на флуоресцентную булочку", "status": "broken", "statusDetails": {"message": "selenium.common.exceptions.ElementClickInterceptedException: Message: Element <a class=\"BurgerIngredient_ingredient__1TVf6 ml-4 mr-4 mb-8\" href=\"/ingredient/61c0c5a71d1f82001bdaaa6d\"> is not clickable at point (160,380) because another element <div class=\"Modal_modal_overlay__x2ZCr\"> obscures it\nStacktrace:\nRemoteError@chrome://remote/content/shared/RemoteError.sys.mjs:8:8\nWebDriverError@chrome://remote/content/shared/webdriver/Errors.sys.mjs:189:5\nElementClickInterceptedError@chrome://remote/content/shared/webdriver/Errors.sys.mjs:333:5\nwebdriverClickElement@chrome://remote/content/marionette/interaction.sys.mjs:176:11\ninteraction.clickElement@chrome://remote/content/marionette/interaction.sys.mjs:135:11\nclickElement@chrome://remote/content/marionette/actors/MarionetteCommandsChild.sys.mjs:202:29\nreceiveMessage@chrome://remote/content/marionette/actors/MarionetteCommandsChild.sys.mjs:84:31\n\n", "trace": "  File \"/Users/varjanis/PycharmProjects/test_project_for_tests/venv/lib/python3.10/site-packages/allure_commons/_allure.py\", line 192, in impl\n    return func(*a, **kw)\n  File \"/Users/varjanis/Diplom_3/pages/order_page.py\", line 34, in click_fluorescent_bun\n    return self.click_element(Locators.locator_order_page_ingredient_fluorescent_bun)\n  File \"/Users/varjanis/PycharmProjects/test_project_for_tests/venv/lib/python3.10/site-packages/allure_commons/_allure.py\", line 192, in impl\n    return func(*a, **kw)\n  File \"/Users/varjanis/Diplom_3/pages/base_page.py\", line 78, in click_element\n    self.driver.find_element(*locator).click()\n  File \"/Users/varjanis/PycharmProjects/test_project_for_tests/venv/lib/python3.10/site-packages/selenium/webdriver/remote/webelement.py\", line 93, in click\n    self._execute(Command.CLICK_ELEMENT)\n  File \"/Users/varjanis/PycharmProjects/test_project_for_tests/venv/lib/python3.10/site-packages/selenium/webdriver/remote/webelement.py\", line 394, in _execute\n    return self._parent.execute(command, params)\n  File \"/Users/varjanis/PycharmProjects/test_project_for_tests/venv/lib/python3.10/site-packages/selenium/webdriver/remote/webdriver.py\", line 347, in execute\n    self.error_handler.check_response(response)\n  File \"/Users/varjanis/PycharmProjects/test_project_for_tests/venv/lib/python3.10/site-packages/selenium/webdriver/remote/errorhandler.py\", line 229, in check_response\n    raise exception_class(message, screen, stacktrace)\n"}, "steps": [{"name": "Кликнуть на страницу или элемент", "status": "broken", "statusDetails": {"message": "selenium.common.exceptions.ElementClickInterceptedException: Message: Element <a class=\"BurgerIngredient_ingredient__1TVf6 ml-4 mr-4 mb-8\" href=\"/ingredient/61c0c5a71d1f82001bdaaa6d\"> is not clickable at point (160,380) because another element <div class=\"Modal_modal_overlay__x2ZCr\"> obscures it\nStacktrace:\nRemoteError@chrome://remote/content/shared/RemoteError.sys.mjs:8:8\nWebDriverError@chrome://remote/content/shared/webdriver/Errors.sys.mjs:189:5\nElementClickInterceptedError@chrome://remote/content/shared/webdriver/Errors.sys.mjs:333:5\nwebdriverClickElement@chrome://remote/content/marionette/interaction.sys.mjs:176:11\ninteraction.clickElement@chrome://remote/content/marionette/interaction.sys.mjs:135:11\nclickElement@chrome://remote/content/marionette/actors/MarionetteCommandsChild.sys.mjs:202:29\nreceiveMessage@chrome://remote/content/marionette/actors/MarionetteCommandsChild.sys.mjs:84:31\n\n", "trace": "  File \"/Users/varjanis/PycharmProjects/test_project_for_tests/venv/lib/python3.10/site-packages/allure_commons/_allure.py\", line 192, in impl\n    return func(*a, **kw)\n  File \"/Users/varjanis/Diplom_3/pages/base_page.py\", line 78, in click_element\n    self.driver.find_element(*locator).click()\n  File \"/Users/varjanis/PycharmProjects/test_project_for_tests/venv/lib/python3.10/site-packages/selenium/webdriver/remote/webelement.py\", line 93, in click\n    self._execute(Command.CLICK_ELEMENT)\n  File \"/Users/varjanis/PycharmProjects/test_project_for_tests/venv/lib/python3.10/site-packages/selenium/webdriver/remote/webelement.py\", line 394, in _execute\n    return self._parent.execute(command, params)\n  File \"/Users/varjanis/PycharmProjects/test_project_for_tests/venv/lib/python3.10/site-packages/selenium/webdriver/remote/webdriver.py\", line 347, in execute\n    self.error_handler.check_response(response)\n  File \"/Users/varjanis/PycharmProjects/test_project_for_tests/venv/lib/python3.10/site-packages/selenium/webdriver/remote/errorhandler.py\", line 229, in check_response\n    raise exception_class(message, screen, stacktrace)\n"}, "parameters": [{"name": "locator", "value": "('xpath', './/a[@href=\"/ingredient/61c0c5a71d1f82001bdaaa6d\"]')"}], "start": 1707301471914, "stop": 1707301471926}], "start": 1707301471914, "stop": 1707301471926}], "attachments": [{"name": "stdout", "source": "685ab50c-68e7-49b7-be3f-c292e72b0fa5-attachment.txt", "type": "text/plain"}], "parameters": [{"name": "driver", "value": "'firefox'"}], "start": 1707301470471, "stop": 1707301471928, "uuid": "430bef34-d112-41f5-b201-0b3f080f8797", "historyId": "9bdf2e613d93713d01875d44734e2d46", "testCaseId": "37c22136170abf0421a18daf1745ac57", "fullName": "test_order_page.TestOrderPage#test_ingredient_popup_closes_success", "labels": [{"name": "suite", "value": "test_order_page"}, {"name": "subSuite", "value": "TestOrderPage"}, {"name": "host", "value": "Alexandras-MacBook-Pro.local"}, {"name": "thread", "value": "95098-MainThread"}, {"name": "framework", "value": "pytest"}, {"name": "language", "value": "cpython3"}, {"name": "package", "value": "test_order_page"}]}