{"name": "Проверка: клик по кнопке показать/скрыть пароль делает поле активным — подсвечивает его", "status": "broken", "statusDetails": {"message": "selenium.common.exceptions.ElementClickInterceptedException: Message: Element <a class=\"Auth_link__1fOlj\" href=\"/forgot-password\"> is not clickable at point (711,651) because another element <div class=\"Modal_modal_overlay__x2ZCr\"> obscures it\nStacktrace:\nRemoteError@chrome://remote/content/shared/RemoteError.sys.mjs:8:8\nWebDriverError@chrome://remote/content/shared/webdriver/Errors.sys.mjs:189:5\nElementClickInterceptedError@chrome://remote/content/shared/webdriver/Errors.sys.mjs:333:5\nwebdriverClickElement@chrome://remote/content/marionette/interaction.sys.mjs:176:11\ninteraction.clickElement@chrome://remote/content/marionette/interaction.sys.mjs:135:11\nclickElement@chrome://remote/content/marionette/actors/MarionetteCommandsChild.sys.mjs:202:29\nreceiveMessage@chrome://remote/content/marionette/actors/MarionetteCommandsChild.sys.mjs:84:31", "trace": "self = <tests.test_forgot_password_page.TestForgotPasswordPage object at 0x1112a9bd0>\ndriver = <selenium.webdriver.firefox.webdriver.WebDriver (session=\"24266b9b-184a-4b03-9a9b-ddba53c2330b\")>, setup_user = ('saavjeu@mail.ru', 'uceypwbrjq')\n\n    @allure.title('Проверка: клик по кнопке показать/скрыть пароль делает поле активным — подсвечивает его')\n    def test_click_on_eye_in_password_field_makes_it_active_success(self, driver, setup_user):\n        password_page = ForgotPasswordPage(driver)\n        login_page = LoginPage(driver)\n    \n        login, password = setup_user\n    \n        login_page.open_login_page()\n        password_page.wait_until_forgot_password_link_is_clickable()\n>       password_page.click_forgot_password_link()\n\ntest_forgot_password_page.py:49: \n_ _ _ _ _ _ _ _ _ _ _ _ _ _ _ _ _ _ _ _ _ _ _ _ _ _ _ _ _ _ _ _ _ _ _ _ _ _ _ _ _ _ _ _ _ _ _ _ _ _ _ _ _ _ _ _ _ _ _ _ _ _ _ _ _ _ _ _ _ _ _ _ _ _ _ _ _ _ _ _ _ _ _ _\n../pages/forgot_password_page.py:19: in click_forgot_password_link\n    return self.click_element(Locators.locator_login_page_forgot_password_link)\n../pages/base_page.py:27: in click_element\n    return self.find_page(locator).click()\n../../PycharmProjects/test_project_for_tests/venv/lib/python3.10/site-packages/selenium/webdriver/remote/webelement.py:93: in click\n    self._execute(Command.CLICK_ELEMENT)\n../../PycharmProjects/test_project_for_tests/venv/lib/python3.10/site-packages/selenium/webdriver/remote/webelement.py:394: in _execute\n    return self._parent.execute(command, params)\n../../PycharmProjects/test_project_for_tests/venv/lib/python3.10/site-packages/selenium/webdriver/remote/webdriver.py:347: in execute\n    self.error_handler.check_response(response)\n_ _ _ _ _ _ _ _ _ _ _ _ _ _ _ _ _ _ _ _ _ _ _ _ _ _ _ _ _ _ _ _ _ _ _ _ _ _ _ _ _ _ _ _ _ _ _ _ _ _ _ _ _ _ _ _ _ _ _ _ _ _ _ _ _ _ _ _ _ _ _ _ _ _ _ _ _ _ _ _ _ _ _ _\n\nself = <selenium.webdriver.remote.errorhandler.ErrorHandler object at 0x1114a6140>\nresponse = {'status': 400, 'value': '{\"value\":{\"error\":\"element click intercepted\",\"message\":\"Element <a class=\\\\\"Auth_link__1fOl...sys.mjs:202:29\\\\nreceiveMessage@chrome://remote/content/marionette/actors/MarionetteCommandsChild.sys.mjs:84:31\\\\n\"}}'}\n\n    def check_response(self, response: Dict[str, Any]) -> None:\n        \"\"\"Checks that a JSON response from the WebDriver does not have an\n        error.\n    \n        :Args:\n         - response - The JSON response from the WebDriver server as a dictionary\n           object.\n    \n        :Raises: If the response contains an error message.\n        \"\"\"\n        status = response.get(\"status\", None)\n        if not status or status == ErrorCode.SUCCESS:\n            return\n        value = None\n        message = response.get(\"message\", \"\")\n        screen: str = response.get(\"screen\", \"\")\n        stacktrace = None\n        if isinstance(status, int):\n            value_json = response.get(\"value\", None)\n            if value_json and isinstance(value_json, str):\n                import json\n    \n                try:\n                    value = json.loads(value_json)\n                    if len(value) == 1:\n                        value = value[\"value\"]\n                    status = value.get(\"error\", None)\n                    if not status:\n                        status = value.get(\"status\", ErrorCode.UNKNOWN_ERROR)\n                        message = value.get(\"value\") or value.get(\"message\")\n                        if not isinstance(message, str):\n                            value = message\n                            message = message.get(\"message\")\n                    else:\n                        message = value.get(\"message\", None)\n                except ValueError:\n                    pass\n    \n        exception_class: Type[WebDriverException]\n        e = ErrorCode()\n        error_codes = [item for item in dir(e) if not item.startswith(\"__\")]\n        for error_code in error_codes:\n            error_info = getattr(ErrorCode, error_code)\n            if isinstance(error_info, list) and status in error_info:\n                exception_class = getattr(ExceptionMapping, error_code, WebDriverException)\n                break\n        else:\n            exception_class = WebDriverException\n    \n        if not value:\n            value = response[\"value\"]\n        if isinstance(value, str):\n            raise exception_class(value)\n        if message == \"\" and \"message\" in value:\n            message = value[\"message\"]\n    \n        screen = None  # type: ignore[assignment]\n        if \"screen\" in value:\n            screen = value[\"screen\"]\n    \n        stacktrace = None\n        st_value = value.get(\"stackTrace\") or value.get(\"stacktrace\")\n        if st_value:\n            if isinstance(st_value, str):\n                stacktrace = st_value.split(\"\\n\")\n            else:\n                stacktrace = []\n                try:\n                    for frame in st_value:\n                        line = frame.get(\"lineNumber\", \"\")\n                        file = frame.get(\"fileName\", \"<anonymous>\")\n                        if line:\n                            file = f\"{file}:{line}\"\n                        meth = frame.get(\"methodName\", \"<anonymous>\")\n                        if \"className\" in frame:\n                            meth = f\"{frame['className']}.{meth}\"\n                        msg = \"    at %s (%s)\"\n                        msg = msg % (meth, file)\n                        stacktrace.append(msg)\n                except TypeError:\n                    pass\n        if exception_class == UnexpectedAlertPresentException:\n            alert_text = None\n            if \"data\" in value:\n                alert_text = value[\"data\"].get(\"text\")\n            elif \"alert\" in value:\n                alert_text = value[\"alert\"].get(\"text\")\n            raise exception_class(message, screen, stacktrace, alert_text)  # type: ignore[call-arg]  # mypy is not smart enough here\n>       raise exception_class(message, screen, stacktrace)\nE       selenium.common.exceptions.ElementClickInterceptedException: Message: Element <a class=\"Auth_link__1fOlj\" href=\"/forgot-password\"> is not clickable at point (711,651) because another element <div class=\"Modal_modal_overlay__x2ZCr\"> obscures it\nE       Stacktrace:\nE       RemoteError@chrome://remote/content/shared/RemoteError.sys.mjs:8:8\nE       WebDriverError@chrome://remote/content/shared/webdriver/Errors.sys.mjs:189:5\nE       ElementClickInterceptedError@chrome://remote/content/shared/webdriver/Errors.sys.mjs:333:5\nE       webdriverClickElement@chrome://remote/content/marionette/interaction.sys.mjs:176:11\nE       interaction.clickElement@chrome://remote/content/marionette/interaction.sys.mjs:135:11\nE       clickElement@chrome://remote/content/marionette/actors/MarionetteCommandsChild.sys.mjs:202:29\nE       receiveMessage@chrome://remote/content/marionette/actors/MarionetteCommandsChild.sys.mjs:84:31\n\n../../PycharmProjects/test_project_for_tests/venv/lib/python3.10/site-packages/selenium/webdriver/remote/errorhandler.py:229: ElementClickInterceptedException"}, "steps": [{"name": "Открыть страницу логина", "status": "passed", "steps": [{"name": "Открыть страницу", "status": "passed", "parameters": [{"name": "locator", "value": "'https://stellarburgers.nomoreparties.site/login'"}], "start": 1707678029598, "stop": 1707678030733}], "start": 1707678029597, "stop": 1707678030733}, {"name": "Дождаться, когда будет кликабельна кнопка Восстановить пароль", "status": "passed", "steps": [{"name": "Дождаться, чтобы на элемент можно было кликнуть", "status": "passed", "parameters": [{"name": "locator", "value": "('xpath', './/a[@href=\"/forgot-password\"]')"}], "start": 1707678030733, "stop": 1707678030779}], "start": 1707678030733, "stop": 1707678030779}, {"name": "Кликнуть на кнопку Восстановить пароль", "status": "broken", "statusDetails": {"message": "selenium.common.exceptions.ElementClickInterceptedException: Message: Element <a class=\"Auth_link__1fOlj\" href=\"/forgot-password\"> is not clickable at point (711,651) because another element <div class=\"Modal_modal_overlay__x2ZCr\"> obscures it\nStacktrace:\nRemoteError@chrome://remote/content/shared/RemoteError.sys.mjs:8:8\nWebDriverError@chrome://remote/content/shared/webdriver/Errors.sys.mjs:189:5\nElementClickInterceptedError@chrome://remote/content/shared/webdriver/Errors.sys.mjs:333:5\nwebdriverClickElement@chrome://remote/content/marionette/interaction.sys.mjs:176:11\ninteraction.clickElement@chrome://remote/content/marionette/interaction.sys.mjs:135:11\nclickElement@chrome://remote/content/marionette/actors/MarionetteCommandsChild.sys.mjs:202:29\nreceiveMessage@chrome://remote/content/marionette/actors/MarionetteCommandsChild.sys.mjs:84:31\n\n", "trace": "  File \"/Users/varjanis/PycharmProjects/test_project_for_tests/venv/lib/python3.10/site-packages/allure_commons/_allure.py\", line 192, in impl\n    return func(*a, **kw)\n  File \"/Users/varjanis/Diplom_3/pages/forgot_password_page.py\", line 19, in click_forgot_password_link\n    return self.click_element(Locators.locator_login_page_forgot_password_link)\n  File \"/Users/varjanis/PycharmProjects/test_project_for_tests/venv/lib/python3.10/site-packages/allure_commons/_allure.py\", line 192, in impl\n    return func(*a, **kw)\n  File \"/Users/varjanis/Diplom_3/pages/base_page.py\", line 27, in click_element\n    return self.find_page(locator).click()\n  File \"/Users/varjanis/PycharmProjects/test_project_for_tests/venv/lib/python3.10/site-packages/selenium/webdriver/remote/webelement.py\", line 93, in click\n    self._execute(Command.CLICK_ELEMENT)\n  File \"/Users/varjanis/PycharmProjects/test_project_for_tests/venv/lib/python3.10/site-packages/selenium/webdriver/remote/webelement.py\", line 394, in _execute\n    return self._parent.execute(command, params)\n  File \"/Users/varjanis/PycharmProjects/test_project_for_tests/venv/lib/python3.10/site-packages/selenium/webdriver/remote/webdriver.py\", line 347, in execute\n    self.error_handler.check_response(response)\n  File \"/Users/varjanis/PycharmProjects/test_project_for_tests/venv/lib/python3.10/site-packages/selenium/webdriver/remote/errorhandler.py\", line 229, in check_response\n    raise exception_class(message, screen, stacktrace)\n"}, "steps": [{"name": "Кликнуть на страницу или элемент", "status": "broken", "statusDetails": {"message": "selenium.common.exceptions.ElementClickInterceptedException: Message: Element <a class=\"Auth_link__1fOlj\" href=\"/forgot-password\"> is not clickable at point (711,651) because another element <div class=\"Modal_modal_overlay__x2ZCr\"> obscures it\nStacktrace:\nRemoteError@chrome://remote/content/shared/RemoteError.sys.mjs:8:8\nWebDriverError@chrome://remote/content/shared/webdriver/Errors.sys.mjs:189:5\nElementClickInterceptedError@chrome://remote/content/shared/webdriver/Errors.sys.mjs:333:5\nwebdriverClickElement@chrome://remote/content/marionette/interaction.sys.mjs:176:11\ninteraction.clickElement@chrome://remote/content/marionette/interaction.sys.mjs:135:11\nclickElement@chrome://remote/content/marionette/actors/MarionetteCommandsChild.sys.mjs:202:29\nreceiveMessage@chrome://remote/content/marionette/actors/MarionetteCommandsChild.sys.mjs:84:31\n\n", "trace": "  File \"/Users/varjanis/PycharmProjects/test_project_for_tests/venv/lib/python3.10/site-packages/allure_commons/_allure.py\", line 192, in impl\n    return func(*a, **kw)\n  File \"/Users/varjanis/Diplom_3/pages/base_page.py\", line 27, in click_element\n    return self.find_page(locator).click()\n  File \"/Users/varjanis/PycharmProjects/test_project_for_tests/venv/lib/python3.10/site-packages/selenium/webdriver/remote/webelement.py\", line 93, in click\n    self._execute(Command.CLICK_ELEMENT)\n  File \"/Users/varjanis/PycharmProjects/test_project_for_tests/venv/lib/python3.10/site-packages/selenium/webdriver/remote/webelement.py\", line 394, in _execute\n    return self._parent.execute(command, params)\n  File \"/Users/varjanis/PycharmProjects/test_project_for_tests/venv/lib/python3.10/site-packages/selenium/webdriver/remote/webdriver.py\", line 347, in execute\n    self.error_handler.check_response(response)\n  File \"/Users/varjanis/PycharmProjects/test_project_for_tests/venv/lib/python3.10/site-packages/selenium/webdriver/remote/errorhandler.py\", line 229, in check_response\n    raise exception_class(message, screen, stacktrace)\n"}, "steps": [{"name": "Найти страницу или элемент", "status": "passed", "parameters": [{"name": "locator", "value": "('xpath', './/a[@href=\"/forgot-password\"]')"}], "start": 1707678030779, "stop": 1707678030782}], "parameters": [{"name": "locator", "value": "('xpath', './/a[@href=\"/forgot-password\"]')"}], "start": 1707678030779, "stop": 1707678030788}], "start": 1707678030779, "stop": 1707678030789}], "attachments": [{"name": "stdout", "source": "13fe85ae-9b0e-4ed1-9425-7bd6e128d9b7-attachment.txt", "type": "text/plain"}], "parameters": [{"name": "driver", "value": "'firefox'"}], "start": 1707678029597, "stop": 1707678030789, "uuid": "b41e9e8d-1fc5-4657-9321-59e339c00128", "historyId": "ca81ed25ab4d535dd2204d31b77e66b3", "testCaseId": "24269bd97d2263b9919588d465dd2ae6", "fullName": "test_forgot_password_page.TestForgotPasswordPage#test_click_on_eye_in_password_field_makes_it_active_success", "labels": [{"name": "suite", "value": "test_forgot_password_page"}, {"name": "subSuite", "value": "TestForgotPasswordPage"}, {"name": "host", "value": "Alexandras-MacBook-Pro.local"}, {"name": "thread", "value": "30775-MainThread"}, {"name": "framework", "value": "pytest"}, {"name": "language", "value": "cpython3"}, {"name": "package", "value": "test_forgot_password_page"}]}