{"name": "Проверка: можно перейти в профиль по клику на кнопку Личный кабинет", "status": "broken", "statusDetails": {"message": "selenium.common.exceptions.ElementClickInterceptedException: Message: Element <button class=\"button_button__33qZ0 button_button_type_primary__1O7Bx button_button_size_medium__3zxIa\"> is not clickable at point (640,549) because another element <div class=\"Modal_modal_overlay__x2ZCr\"> obscures it\nStacktrace:\nRemoteError@chrome://remote/content/shared/RemoteError.sys.mjs:8:8\nWebDriverError@chrome://remote/content/shared/webdriver/Errors.sys.mjs:189:5\nElementClickInterceptedError@chrome://remote/content/shared/webdriver/Errors.sys.mjs:333:5\nwebdriverClickElement@chrome://remote/content/marionette/interaction.sys.mjs:176:11\ninteraction.clickElement@chrome://remote/content/marionette/interaction.sys.mjs:135:11\nclickElement@chrome://remote/content/marionette/actors/MarionetteCommandsChild.sys.mjs:202:29\nreceiveMessage@chrome://remote/content/marionette/actors/MarionetteCommandsChild.sys.mjs:84:31", "trace": "self = <tests.test_profile_page.TestProfilePage object at 0x10777d690>\ndriver = <selenium.webdriver.firefox.webdriver.WebDriver (session=\"7ecbb6e3-7b77-45e6-b466-2e3ccb73b1a6\")>, setup_user = ('rbjxzgq@mail.ru', 'uiwpmfvgzo')\n\n    @allure.title('Проверка: можно перейти в профиль по клику на кнопку Личный кабинет')\n    def test_redirect_to_profile_page_via_header_button_success(self, driver, setup_user):\n        profile = ProfilePage(driver)\n    \n        login, password = setup_user\n    \n        profile.open_login_page()\n        profile.wait_until_email_field_is_visible()\n        profile.fill_in_login(login)\n        profile.fill_in_password(password)\n        profile.wait_until_login_button_is_clickable()\n>       profile.click_login_button()\n\ntest_profile_page.py:19: \n_ _ _ _ _ _ _ _ _ _ _ _ _ _ _ _ _ _ _ _ _ _ _ _ _ _ _ _ _ _ _ _ _ _ _ _ _ _ _ _ _ _ _ _ _ _ _ _ _ _ _ _ _ _ _ _ _ _ _ _ _ _ _ _ _ _ _ _ _ _ _ _ _ _ _ _ _ _ _ _ _ _ _ _\n../pages/base_page.py:42: in click_login_button\n    return self.click_element(Locators.locator_login_page_login_button)\n../pages/base_page.py:78: in click_element\n    self.driver.find_element(*locator).click()\n../../PycharmProjects/test_project_for_tests/venv/lib/python3.10/site-packages/selenium/webdriver/remote/webelement.py:93: in click\n    self._execute(Command.CLICK_ELEMENT)\n../../PycharmProjects/test_project_for_tests/venv/lib/python3.10/site-packages/selenium/webdriver/remote/webelement.py:394: in _execute\n    return self._parent.execute(command, params)\n../../PycharmProjects/test_project_for_tests/venv/lib/python3.10/site-packages/selenium/webdriver/remote/webdriver.py:347: in execute\n    self.error_handler.check_response(response)\n_ _ _ _ _ _ _ _ _ _ _ _ _ _ _ _ _ _ _ _ _ _ _ _ _ _ _ _ _ _ _ _ _ _ _ _ _ _ _ _ _ _ _ _ _ _ _ _ _ _ _ _ _ _ _ _ _ _ _ _ _ _ _ _ _ _ _ _ _ _ _ _ _ _ _ _ _ _ _ _ _ _ _ _\n\nself = <selenium.webdriver.remote.errorhandler.ErrorHandler object at 0x10777df60>\nresponse = {'status': 400, 'value': '{\"value\":{\"error\":\"element click intercepted\",\"message\":\"Element <button class=\\\\\"button_but...sys.mjs:202:29\\\\nreceiveMessage@chrome://remote/content/marionette/actors/MarionetteCommandsChild.sys.mjs:84:31\\\\n\"}}'}\n\n    def check_response(self, response: Dict[str, Any]) -> None:\n        \"\"\"Checks that a JSON response from the WebDriver does not have an\n        error.\n    \n        :Args:\n         - response - The JSON response from the WebDriver server as a dictionary\n           object.\n    \n        :Raises: If the response contains an error message.\n        \"\"\"\n        status = response.get(\"status\", None)\n        if not status or status == ErrorCode.SUCCESS:\n            return\n        value = None\n        message = response.get(\"message\", \"\")\n        screen: str = response.get(\"screen\", \"\")\n        stacktrace = None\n        if isinstance(status, int):\n            value_json = response.get(\"value\", None)\n            if value_json and isinstance(value_json, str):\n                import json\n    \n                try:\n                    value = json.loads(value_json)\n                    if len(value) == 1:\n                        value = value[\"value\"]\n                    status = value.get(\"error\", None)\n                    if not status:\n                        status = value.get(\"status\", ErrorCode.UNKNOWN_ERROR)\n                        message = value.get(\"value\") or value.get(\"message\")\n                        if not isinstance(message, str):\n                            value = message\n                            message = message.get(\"message\")\n                    else:\n                        message = value.get(\"message\", None)\n                except ValueError:\n                    pass\n    \n        exception_class: Type[WebDriverException]\n        e = ErrorCode()\n        error_codes = [item for item in dir(e) if not item.startswith(\"__\")]\n        for error_code in error_codes:\n            error_info = getattr(ErrorCode, error_code)\n            if isinstance(error_info, list) and status in error_info:\n                exception_class = getattr(ExceptionMapping, error_code, WebDriverException)\n                break\n        else:\n            exception_class = WebDriverException\n    \n        if not value:\n            value = response[\"value\"]\n        if isinstance(value, str):\n            raise exception_class(value)\n        if message == \"\" and \"message\" in value:\n            message = value[\"message\"]\n    \n        screen = None  # type: ignore[assignment]\n        if \"screen\" in value:\n            screen = value[\"screen\"]\n    \n        stacktrace = None\n        st_value = value.get(\"stackTrace\") or value.get(\"stacktrace\")\n        if st_value:\n            if isinstance(st_value, str):\n                stacktrace = st_value.split(\"\\n\")\n            else:\n                stacktrace = []\n                try:\n                    for frame in st_value:\n                        line = frame.get(\"lineNumber\", \"\")\n                        file = frame.get(\"fileName\", \"<anonymous>\")\n                        if line:\n                            file = f\"{file}:{line}\"\n                        meth = frame.get(\"methodName\", \"<anonymous>\")\n                        if \"className\" in frame:\n                            meth = f\"{frame['className']}.{meth}\"\n                        msg = \"    at %s (%s)\"\n                        msg = msg % (meth, file)\n                        stacktrace.append(msg)\n                except TypeError:\n                    pass\n        if exception_class == UnexpectedAlertPresentException:\n            alert_text = None\n            if \"data\" in value:\n                alert_text = value[\"data\"].get(\"text\")\n            elif \"alert\" in value:\n                alert_text = value[\"alert\"].get(\"text\")\n            raise exception_class(message, screen, stacktrace, alert_text)  # type: ignore[call-arg]  # mypy is not smart enough here\n>       raise exception_class(message, screen, stacktrace)\nE       selenium.common.exceptions.ElementClickInterceptedException: Message: Element <button class=\"button_button__33qZ0 button_button_type_primary__1O7Bx button_button_size_medium__3zxIa\"> is not clickable at point (640,549) because another element <div class=\"Modal_modal_overlay__x2ZCr\"> obscures it\nE       Stacktrace:\nE       RemoteError@chrome://remote/content/shared/RemoteError.sys.mjs:8:8\nE       WebDriverError@chrome://remote/content/shared/webdriver/Errors.sys.mjs:189:5\nE       ElementClickInterceptedError@chrome://remote/content/shared/webdriver/Errors.sys.mjs:333:5\nE       webdriverClickElement@chrome://remote/content/marionette/interaction.sys.mjs:176:11\nE       interaction.clickElement@chrome://remote/content/marionette/interaction.sys.mjs:135:11\nE       clickElement@chrome://remote/content/marionette/actors/MarionetteCommandsChild.sys.mjs:202:29\nE       receiveMessage@chrome://remote/content/marionette/actors/MarionetteCommandsChild.sys.mjs:84:31\n\n../../PycharmProjects/test_project_for_tests/venv/lib/python3.10/site-packages/selenium/webdriver/remote/errorhandler.py:229: ElementClickInterceptedException"}, "steps": [{"name": "Открыть страницу логина", "status": "passed", "steps": [{"name": "Открыть страницу", "status": "passed", "parameters": [{"name": "locator", "value": "'https://stellarburgers.nomoreparties.site/login'"}], "start": 1707301539188, "stop": 1707301540138}], "start": 1707301539188, "stop": 1707301540139}, {"name": "Дождаться, когда появится поле логина", "status": "passed", "steps": [{"name": "Дождаться загрузки элемента", "status": "passed", "parameters": [{"name": "locator", "value": "('xpath', './/input[@name=\"name\"]')"}], "start": 1707301540139, "stop": 1707301540152}], "start": 1707301540139, "stop": 1707301540152}, {"name": "Заполнить поле логин", "status": "passed", "steps": [{"name": "Заполнить поле текстовым значением", "status": "passed", "parameters": [{"name": "locator", "value": "('xpath', './/input[@name=\"name\"]')"}, {"name": "text", "value": "'rbjxzgq@mail.ru'"}], "start": 1707301540152, "stop": 1707301540247}], "parameters": [{"name": "login", "value": "'rbjxzgq@mail.ru'"}], "start": 1707301540152, "stop": 1707301540247}, {"name": "Заполнить поле пароль", "status": "passed", "steps": [{"name": "Заполнить поле текстовым значением", "status": "passed", "parameters": [{"name": "locator", "value": "('xpath', './/input[@type=\"password\"]')"}, {"name": "text", "value": "'uiwpmfvgzo'"}], "start": 1707301540247, "stop": 1707301540284}], "parameters": [{"name": "password", "value": "'uiwpmfvgzo'"}], "start": 1707301540247, "stop": 1707301540284}, {"name": "Дождаться, когда кнопка Войти станет кликабельна", "status": "passed", "steps": [{"name": "Дождаться, чтобы на элемент можно было кликнуть", "status": "passed", "parameters": [{"name": "locator", "value": "('xpath', './/button[text()=\"Войти\"]')"}], "start": 1707301540285, "stop": 1707301540329}], "start": 1707301540284, "stop": 1707301540329}, {"name": "Кликнуть на кнопку Войти", "status": "broken", "statusDetails": {"message": "selenium.common.exceptions.ElementClickInterceptedException: Message: Element <button class=\"button_button__33qZ0 button_button_type_primary__1O7Bx button_button_size_medium__3zxIa\"> is not clickable at point (640,549) because another element <div class=\"Modal_modal_overlay__x2ZCr\"> obscures it\nStacktrace:\nRemoteError@chrome://remote/content/shared/RemoteError.sys.mjs:8:8\nWebDriverError@chrome://remote/content/shared/webdriver/Errors.sys.mjs:189:5\nElementClickInterceptedError@chrome://remote/content/shared/webdriver/Errors.sys.mjs:333:5\nwebdriverClickElement@chrome://remote/content/marionette/interaction.sys.mjs:176:11\ninteraction.clickElement@chrome://remote/content/marionette/interaction.sys.mjs:135:11\nclickElement@chrome://remote/content/marionette/actors/MarionetteCommandsChild.sys.mjs:202:29\nreceiveMessage@chrome://remote/content/marionette/actors/MarionetteCommandsChild.sys.mjs:84:31\n\n", "trace": "  File \"/Users/varjanis/PycharmProjects/test_project_for_tests/venv/lib/python3.10/site-packages/allure_commons/_allure.py\", line 192, in impl\n    return func(*a, **kw)\n  File \"/Users/varjanis/Diplom_3/pages/base_page.py\", line 42, in click_login_button\n    return self.click_element(Locators.locator_login_page_login_button)\n  File \"/Users/varjanis/PycharmProjects/test_project_for_tests/venv/lib/python3.10/site-packages/allure_commons/_allure.py\", line 192, in impl\n    return func(*a, **kw)\n  File \"/Users/varjanis/Diplom_3/pages/base_page.py\", line 78, in click_element\n    self.driver.find_element(*locator).click()\n  File \"/Users/varjanis/PycharmProjects/test_project_for_tests/venv/lib/python3.10/site-packages/selenium/webdriver/remote/webelement.py\", line 93, in click\n    self._execute(Command.CLICK_ELEMENT)\n  File \"/Users/varjanis/PycharmProjects/test_project_for_tests/venv/lib/python3.10/site-packages/selenium/webdriver/remote/webelement.py\", line 394, in _execute\n    return self._parent.execute(command, params)\n  File \"/Users/varjanis/PycharmProjects/test_project_for_tests/venv/lib/python3.10/site-packages/selenium/webdriver/remote/webdriver.py\", line 347, in execute\n    self.error_handler.check_response(response)\n  File \"/Users/varjanis/PycharmProjects/test_project_for_tests/venv/lib/python3.10/site-packages/selenium/webdriver/remote/errorhandler.py\", line 229, in check_response\n    raise exception_class(message, screen, stacktrace)\n"}, "steps": [{"name": "Кликнуть на страницу или элемент", "status": "broken", "statusDetails": {"message": "selenium.common.exceptions.ElementClickInterceptedException: Message: Element <button class=\"button_button__33qZ0 button_button_type_primary__1O7Bx button_button_size_medium__3zxIa\"> is not clickable at point (640,549) because another element <div class=\"Modal_modal_overlay__x2ZCr\"> obscures it\nStacktrace:\nRemoteError@chrome://remote/content/shared/RemoteError.sys.mjs:8:8\nWebDriverError@chrome://remote/content/shared/webdriver/Errors.sys.mjs:189:5\nElementClickInterceptedError@chrome://remote/content/shared/webdriver/Errors.sys.mjs:333:5\nwebdriverClickElement@chrome://remote/content/marionette/interaction.sys.mjs:176:11\ninteraction.clickElement@chrome://remote/content/marionette/interaction.sys.mjs:135:11\nclickElement@chrome://remote/content/marionette/actors/MarionetteCommandsChild.sys.mjs:202:29\nreceiveMessage@chrome://remote/content/marionette/actors/MarionetteCommandsChild.sys.mjs:84:31\n\n", "trace": "  File \"/Users/varjanis/PycharmProjects/test_project_for_tests/venv/lib/python3.10/site-packages/allure_commons/_allure.py\", line 192, in impl\n    return func(*a, **kw)\n  File \"/Users/varjanis/Diplom_3/pages/base_page.py\", line 78, in click_element\n    self.driver.find_element(*locator).click()\n  File \"/Users/varjanis/PycharmProjects/test_project_for_tests/venv/lib/python3.10/site-packages/selenium/webdriver/remote/webelement.py\", line 93, in click\n    self._execute(Command.CLICK_ELEMENT)\n  File \"/Users/varjanis/PycharmProjects/test_project_for_tests/venv/lib/python3.10/site-packages/selenium/webdriver/remote/webelement.py\", line 394, in _execute\n    return self._parent.execute(command, params)\n  File \"/Users/varjanis/PycharmProjects/test_project_for_tests/venv/lib/python3.10/site-packages/selenium/webdriver/remote/webdriver.py\", line 347, in execute\n    self.error_handler.check_response(response)\n  File \"/Users/varjanis/PycharmProjects/test_project_for_tests/venv/lib/python3.10/site-packages/selenium/webdriver/remote/errorhandler.py\", line 229, in check_response\n    raise exception_class(message, screen, stacktrace)\n"}, "parameters": [{"name": "locator", "value": "('xpath', './/button[text()=\"Войти\"]')"}], "start": 1707301540329, "stop": 1707301540342}], "start": 1707301540329, "stop": 1707301540350}], "attachments": [{"name": "stdout", "source": "63482584-080a-4ec8-9666-dbf39744b13e-attachment.txt", "type": "text/plain"}], "parameters": [{"name": "driver", "value": "'firefox'"}], "start": 1707301539187, "stop": 1707301540351, "uuid": "56e9951e-51c6-4a75-9643-c751df837897", "historyId": "1eb7370be2fcf4c9132cb019b71531e4", "testCaseId": "ffd0b77fa47af46b449bb37c4bfb3397", "fullName": "test_profile_page.TestProfilePage#test_redirect_to_profile_page_via_header_button_success", "labels": [{"name": "suite", "value": "test_profile_page"}, {"name": "subSuite", "value": "TestProfilePage"}, {"name": "host", "value": "Alexandras-MacBook-Pro.local"}, {"name": "thread", "value": "95311-MainThread"}, {"name": "framework", "value": "pytest"}, {"name": "language", "value": "cpython3"}, {"name": "package", "value": "test_profile_page"}]}